<?xml version="1.0" encoding="UTF-8"?>
<!-- Generated by org.testng.reporters.JUnitXMLReporter -->
<testsuite ignored="0" hostname="TrexaiiMae" failures="2" tests="4" name="Error validations" time="38.936" errors="0" timestamp="2024-08-20T11:28:58 CST">
  <testcase classname="FrameworkPractice.ErrorValidations" name="ErrorValidation" time="0.927">
    <skipped/>
  </testcase> <!-- ErrorValidation -->
  <testcase classname="FrameworkPractice.ErrorValidations" name="ErrorValidation" time="0.894">
    <skipped/>
  </testcase> <!-- ErrorValidation -->
  <testcase classname="FrameworkPractice.ErrorValidations" name="ErrorValidation" time="0.859">
    <failure type="java.lang.AssertionError" message="expected [Incorrect email or password.] but found [Incorrect email or passwordsss.]">
      <![CDATA[java.lang.AssertionError: expected [Incorrect email or password.] but found [Incorrect email or passwordsss.]
at FrameworkPractice.ErrorValidations.ErrorValidation(ErrorValidations.java:26)
at java.base/java.util.ArrayList.forEach(ArrayList.java:1597)
at java.base/java.util.concurrent.FutureTask.run(FutureTask.java:317)
at java.base/java.util.concurrent.ThreadPoolExecutor.runWorker(ThreadPoolExecutor.java:1144)
at java.base/java.util.concurrent.ThreadPoolExecutor$Worker.run(ThreadPoolExecutor.java:642)
at java.base/java.lang.Thread.run(Thread.java:1570)
... Removed 22 stack frames]]>
    </failure>
  </testcase> <!-- ErrorValidation -->
  <testcase classname="FrameworkPractice.ErrorValidations" name="producterror" time="23.714">
    <failure type="java.lang.AssertionError" message="expected [true] but found [false]">
      <![CDATA[java.lang.AssertionError: expected [true] but found [false]
at FrameworkPractice.ErrorValidations.producterror(ErrorValidations.java:37)
at java.base/java.util.ArrayList.forEach(ArrayList.java:1597)
at java.base/java.util.concurrent.FutureTask.run(FutureTask.java:317)
at java.base/java.util.concurrent.ThreadPoolExecutor.runWorker(ThreadPoolExecutor.java:1144)
at java.base/java.util.concurrent.ThreadPoolExecutor$Worker.run(ThreadPoolExecutor.java:642)
at java.base/java.lang.Thread.run(Thread.java:1570)
... Removed 20 stack frames]]>
    </failure>
  </testcase> <!-- producterror -->
</testsuite> <!-- Error validations -->
