<?xml version="1.0" encoding="UTF-8"?>
<!-- Generated by org.testng.reporters.JUnitXMLReporter -->
<testsuite ignored="0" hostname="TrexaiiMae" failures="0" tests="6" name="Purchase Order" time="34.79" errors="0" timestamp="2024-08-20T11:28:54 CST">
  <testcase classname="FrameworkPractice.PurchaseOrder" name="submitOrder" time="4.634"/>
  <testcase classname="FrameworkPractice.PurchaseOrder" name="submitOrder" time="4.471"/>
  <testcase classname="FrameworkPractice.PurchaseOrder" name="submitOrder" time="4.528"/>
  <testcase classname="FrameworkPractice.PurchaseOrder" name="OrderHistory" time="0.553"/>
  <testcase classname="FrameworkPractice.PurchaseOrder" name="OrderHistory" time="0.581"/>
  <testcase classname="FrameworkPractice.PurchaseOrder" name="OrderHistory" time="0.54"/>
</testsuite> <!-- Purchase Order -->
