<?xml version="1.0" encoding="UTF-8"?>
<!-- Generated by org.testng.reporters.JUnitXMLReporter -->
<testsuite ignored="2" hostname="TrexaiiMae" failures="0" tests="0" time="0.003" errors="0" timestamp="21 Aug 2024 04:09:14 GMT">
  <testcase classname="FrameworkPractice.ErrorValidations" name="producterror" time="0.0">
    <ignored/>
  </testcase> <!-- producterror -->
  <testcase classname="FrameworkPractice.ErrorValidations" name="ErrorValidation" time="0.0">
    <ignored/>
  </testcase> <!-- ErrorValidation -->
</testsuite>
