<?xml version="1.0" encoding="UTF-8"?>
<!-- Generated by org.testng.reporters.JUnitXMLReporter -->
<testsuite ignored="1" hostname="TrexaiiMae" failures="0" tests="3" name="Purchase Order" time="29.255" errors="0" timestamp="21 Aug 2024 04:09:43 GMT">
  <testcase classname="FrameworkPractice.PurchaseOrder" name="submitOrder" time="5.058"/>
  <testcase classname="FrameworkPractice.PurchaseOrder" name="submitOrder" time="5.05"/>
  <testcase classname="FrameworkPractice.PurchaseOrder" name="submitOrder" time="5.067"/>
  <testcase classname="FrameworkPractice.PurchaseOrder" name="OrderHistory" time="0.0">
    <ignored/>
  </testcase> <!-- OrderHistory -->
</testsuite> <!-- Purchase Order -->
