<?xml version="1.0" encoding="UTF-8"?>
<!-- Generated by org.testng.reporters.JUnitXMLReporter -->
<testsuite ignored="1" hostname="TrexaiiMae" failures="0" tests="3" name="Purchase Order" time="23.027" errors="0" timestamp="20 Aug 2024 03:29:41 GMT">
  <testcase classname="FrameworkPractice.PurchaseOrder" name="submitOrder" time="4.688"/>
  <testcase classname="FrameworkPractice.PurchaseOrder" name="submitOrder" time="4.496"/>
  <testcase classname="FrameworkPractice.PurchaseOrder" name="submitOrder" time="4.502"/>
  <testcase classname="FrameworkPractice.PurchaseOrder" name="OrderHistory" time="0.0">
    <ignored/>
  </testcase> <!-- OrderHistory -->
</testsuite> <!-- Purchase Order -->
