<?xml version="1.0" encoding="UTF-8"?>
<testng-results ignored="3" total="6" passed="3" failed="0" skipped="0">
  <reporter-output>
  </reporter-output>
  <suite started-at="2024-08-20T03:29:18Z" name="Suite" finished-at="2024-08-20T03:29:41Z" duration-ms="23027">
    <groups>
      <group name="Purchase">
        <method signature="PurchaseOrder.submitOrder(java.util.HashMap)[pri:0, instance:FrameworkPractice.PurchaseOrder@7ceb3185]" name="submitOrder" class="FrameworkPractice.PurchaseOrder"/>
      </group> <!-- Purchase -->
    </groups>
    <test started-at="2024-08-20T03:29:18Z" name="Error validations" finished-at="2024-08-20T03:29:18Z" duration-ms="3">
    </test> <!-- Error validations -->
    <test started-at="2024-08-20T03:29:18Z" name="Purchase Order" finished-at="2024-08-20T03:29:41Z" duration-ms="23027">
      <class name="FrameworkPractice.PurchaseOrder">
        <test-method is-config="true" signature="launchapp()[pri:0, instance:FrameworkPractice.PurchaseOrder@7ceb3185]" started-at="2024-08-20T03:29:18Z" name="launchapp" finished-at="2024-08-20T03:29:22Z" duration-ms="3408" status="PASS">
          <reporter-output>
          </reporter-output>
        </test-method> <!-- launchapp -->
        <test-method signature="submitOrder(java.util.HashMap)[pri:0, instance:FrameworkPractice.PurchaseOrder@7ceb3185]" started-at="2024-08-20T03:29:22Z" name="submitOrder" data-provider="getData" finished-at="2024-08-20T03:29:26Z" duration-ms="4688" status="PASS">
          <params>
            <param index="0">
              <value>
                <![CDATA[{password=Admin@123, email=trexaiihurtado@gmai.com, productName=ZARA COAT 3}]]>
              </value>
            </param>
          </params>
          <reporter-output>
          </reporter-output>
        </test-method> <!-- submitOrder -->
        <test-method is-config="true" signature="tearDown()[pri:0, instance:FrameworkPractice.PurchaseOrder@7ceb3185]" started-at="2024-08-20T03:29:26Z" name="tearDown" finished-at="2024-08-20T03:29:27Z" duration-ms="106" status="PASS">
          <reporter-output>
          </reporter-output>
        </test-method> <!-- tearDown -->
        <test-method is-config="true" signature="launchapp()[pri:0, instance:FrameworkPractice.PurchaseOrder@7ceb3185]" started-at="2024-08-20T03:29:27Z" name="launchapp" finished-at="2024-08-20T03:29:29Z" duration-ms="2676" status="PASS">
          <reporter-output>
          </reporter-output>
        </test-method> <!-- launchapp -->
        <test-method signature="submitOrder(java.util.HashMap)[pri:0, instance:FrameworkPractice.PurchaseOrder@7ceb3185]" started-at="2024-08-20T03:29:29Z" name="submitOrder" data-provider="getData" finished-at="2024-08-20T03:29:34Z" duration-ms="4496" status="PASS">
          <params>
            <param index="0">
              <value>
                <![CDATA[{password=Admin@123, email=trexaiihurtado@gmai.com, productName=ADIDAS ORIGINAL}]]>
              </value>
            </param>
          </params>
          <reporter-output>
          </reporter-output>
        </test-method> <!-- submitOrder -->
        <test-method is-config="true" signature="tearDown()[pri:0, instance:FrameworkPractice.PurchaseOrder@7ceb3185]" started-at="2024-08-20T03:29:34Z" name="tearDown" finished-at="2024-08-20T03:29:34Z" duration-ms="110" status="PASS">
          <reporter-output>
          </reporter-output>
        </test-method> <!-- tearDown -->
        <test-method is-config="true" signature="launchapp()[pri:0, instance:FrameworkPractice.PurchaseOrder@7ceb3185]" started-at="2024-08-20T03:29:34Z" name="launchapp" finished-at="2024-08-20T03:29:37Z" duration-ms="2798" status="PASS">
          <reporter-output>
          </reporter-output>
        </test-method> <!-- launchapp -->
        <test-method signature="submitOrder(java.util.HashMap)[pri:0, instance:FrameworkPractice.PurchaseOrder@7ceb3185]" started-at="2024-08-20T03:29:37Z" name="submitOrder" data-provider="getData" finished-at="2024-08-20T03:29:41Z" duration-ms="4502" status="PASS">
          <params>
            <param index="0">
              <value>
                <![CDATA[{password=Admin@123, email=trexaiihurtado@gmai.com, productName=IPHONE 13 PRO}]]>
              </value>
            </param>
          </params>
          <reporter-output>
          </reporter-output>
        </test-method> <!-- submitOrder -->
        <test-method is-config="true" signature="tearDown()[pri:0, instance:FrameworkPractice.PurchaseOrder@7ceb3185]" started-at="2024-08-20T03:29:41Z" name="tearDown" finished-at="2024-08-20T03:29:41Z" duration-ms="122" status="PASS">
          <reporter-output>
          </reporter-output>
        </test-method> <!-- tearDown -->
      </class> <!-- FrameworkPractice.PurchaseOrder -->
    </test> <!-- Purchase Order -->
  </suite> <!-- Suite -->
</testng-results>
