<?xml version="1.0" encoding="UTF-8"?>
<testsuite xmlns:xsi="http://www.w3.org/2001/XMLSchema-instance" xsi:noNamespaceSchemaLocation="https://maven.apache.org/surefire/maven-surefire-plugin/xsd/surefire-test-report.xsd" version="3.0.2" name="TestSuite" time="23.611" tests="3" errors="0" skipped="0" failures="0">
  <properties>
[...]
</properties>
  <testcase name="submitOrder[{password=Admin@123, email=trexaiihurtado@gmai.com, productName=ZARA COAT 3}](1)" classname="FrameworkPractice.PurchaseOrder" time="4.688">
    <system-out><![CDATA[[TestNGContentHandler] [WARN] It is strongly recommended to add "<!DOCTYPE suite SYSTEM "http://testng.org/testng-1.0.dtd" >" at the top of your file, otherwise TestNG may fail or not work as expected.
]]></system-out>
    <system-err><![CDATA[[TestNG-tests-1] INFO io.github.bonigarcia.wdm.WebDriverManager - Using chromedriver 127.0.6533.119 (resolved driver for Chrome 127)
[TestNG-tests-1] INFO io.github.bonigarcia.wdm.WebDriverManager - Exporting webdriver.chrome.driver as C:\Users\USER\.cache\selenium\chromedriver\win64\127.0.6533.119\chromedriver.exe
]]></system-err>
  </testcase>
  <testcase name="submitOrder[{password=Admin@123, email=trexaiihurtado@gmai.com, productName=ADIDAS ORIGINAL}](2)" classname="FrameworkPractice.PurchaseOrder" time="4.497">
    <system-err><![CDATA[[TestNG-tests-1] INFO io.github.bonigarcia.wdm.WebDriverManager - Using chromedriver 127.0.6533.119 (resolved driver for Chrome 127)
[TestNG-tests-1] INFO io.github.bonigarcia.wdm.WebDriverManager - Exporting webdriver.chrome.driver as C:\Users\USER\.cache\selenium\chromedriver\win64\127.0.6533.119\chromedriver.exe
]]></system-err>
  </testcase>
  <testcase name="submitOrder[{password=Admin@123, email=trexaiihurtado@gmai.com, productName=IPHONE 13 PRO}](3)" classname="FrameworkPractice.PurchaseOrder" time="4.501">
    <system-err><![CDATA[[TestNG-tests-1] INFO io.github.bonigarcia.wdm.WebDriverManager - Using chromedriver 127.0.6533.119 (resolved driver for Chrome 127)
[TestNG-tests-1] INFO io.github.bonigarcia.wdm.WebDriverManager - Exporting webdriver.chrome.driver as C:\Users\USER\.cache\selenium\chromedriver\win64\127.0.6533.119\chromedriver.exe
]]></system-err>
  </testcase>
</testsuite>