<?xml version="1.0" encoding="UTF-8"?>
<testng-results ignored="3" total="6" passed="3" failed="0" skipped="0">
  <reporter-output>
  </reporter-output>
  <suite started-at="2024-08-21T04:09:14Z" name="Suite" finished-at="2024-08-21T04:09:43Z" duration-ms="29255">
    <groups>
      <group name="Purchase">
        <method signature="PurchaseOrder.submitOrder(java.util.HashMap)[pri:0, instance:FrameworkPractice.PurchaseOrder@6f0b0a5e]" name="submitOrder" class="FrameworkPractice.PurchaseOrder"/>
      </group> <!-- Purchase -->
    </groups>
    <test started-at="2024-08-21T04:09:14Z" name="Error validations" finished-at="2024-08-21T04:09:14Z" duration-ms="3">
    </test> <!-- Error validations -->
    <test started-at="2024-08-21T04:09:14Z" name="Purchase Order" finished-at="2024-08-21T04:09:43Z" duration-ms="29255">
      <class name="FrameworkPractice.PurchaseOrder">
        <test-method is-config="true" signature="launchapp()[pri:0, instance:FrameworkPractice.PurchaseOrder@6f0b0a5e]" started-at="2024-08-21T04:09:14Z" name="launchapp" finished-at="2024-08-21T04:09:18Z" duration-ms="4152" status="PASS">
          <reporter-output>
          </reporter-output>
        </test-method> <!-- launchapp -->
        <test-method signature="submitOrder(java.util.HashMap)[pri:0, instance:FrameworkPractice.PurchaseOrder@6f0b0a5e]" started-at="2024-08-21T04:09:18Z" name="submitOrder" data-provider="getData" finished-at="2024-08-21T04:09:23Z" duration-ms="5058" status="PASS">
          <params>
            <param index="0">
              <value>
                <![CDATA[{password=Admin@123, email=trexaiihurtado@gmai.com, productName=ZARA COAT 3}]]>
              </value>
            </param>
          </params>
          <reporter-output>
          </reporter-output>
        </test-method> <!-- submitOrder -->
        <test-method is-config="true" signature="tearDown()[pri:0, instance:FrameworkPractice.PurchaseOrder@6f0b0a5e]" started-at="2024-08-21T04:09:23Z" name="tearDown" finished-at="2024-08-21T04:09:24Z" duration-ms="616" status="PASS">
          <reporter-output>
          </reporter-output>
        </test-method> <!-- tearDown -->
        <test-method is-config="true" signature="launchapp()[pri:0, instance:FrameworkPractice.PurchaseOrder@6f0b0a5e]" started-at="2024-08-21T04:09:24Z" name="launchapp" finished-at="2024-08-21T04:09:28Z" duration-ms="4027" status="PASS">
          <reporter-output>
          </reporter-output>
        </test-method> <!-- launchapp -->
        <test-method signature="submitOrder(java.util.HashMap)[pri:0, instance:FrameworkPractice.PurchaseOrder@6f0b0a5e]" started-at="2024-08-21T04:09:28Z" name="submitOrder" data-provider="getData" finished-at="2024-08-21T04:09:33Z" duration-ms="5050" status="PASS">
          <params>
            <param index="0">
              <value>
                <![CDATA[{password=Admin@123, email=trexaiihurtado@gmai.com, productName=ADIDAS ORIGINAL}]]>
              </value>
            </param>
          </params>
          <reporter-output>
          </reporter-output>
        </test-method> <!-- submitOrder -->
        <test-method is-config="true" signature="tearDown()[pri:0, instance:FrameworkPractice.PurchaseOrder@6f0b0a5e]" started-at="2024-08-21T04:09:33Z" name="tearDown" finished-at="2024-08-21T04:09:33Z" duration-ms="599" status="PASS">
          <reporter-output>
          </reporter-output>
        </test-method> <!-- tearDown -->
        <test-method is-config="true" signature="launchapp()[pri:0, instance:FrameworkPractice.PurchaseOrder@6f0b0a5e]" started-at="2024-08-21T04:09:33Z" name="launchapp" finished-at="2024-08-21T04:09:37Z" duration-ms="3955" status="PASS">
          <reporter-output>
          </reporter-output>
        </test-method> <!-- launchapp -->
        <test-method signature="submitOrder(java.util.HashMap)[pri:0, instance:FrameworkPractice.PurchaseOrder@6f0b0a5e]" started-at="2024-08-21T04:09:37Z" name="submitOrder" data-provider="getData" finished-at="2024-08-21T04:09:42Z" duration-ms="5067" status="PASS">
          <params>
            <param index="0">
              <value>
                <![CDATA[{password=Admin@123, email=trexaiihurtado@gmai.com, productName=IPHONE 13 PRO}]]>
              </value>
            </param>
          </params>
          <reporter-output>
          </reporter-output>
        </test-method> <!-- submitOrder -->
        <test-method is-config="true" signature="tearDown()[pri:0, instance:FrameworkPractice.PurchaseOrder@6f0b0a5e]" started-at="2024-08-21T04:09:42Z" name="tearDown" finished-at="2024-08-21T04:09:43Z" duration-ms="598" status="PASS">
          <reporter-output>
          </reporter-output>
        </test-method> <!-- tearDown -->
      </class> <!-- FrameworkPractice.PurchaseOrder -->
    </test> <!-- Purchase Order -->
  </suite> <!-- Suite -->
</testng-results>
